<?xml version="1.0" encoding="UTF-8"?>
<!-- Generated by org.testng.reporters.JUnitReportReporter -->
<testsuite hostname="DESKTOP-EG9S55C" failures="0" tests="2" name="testcases.FBSignupTC002" time="27.208" errors="0" timestamp="2024-12-16T11:17:29 PST" skipped="0">
  <testcase classname="testcases.FBSignupTC002" name="fbregister" time="15.172"/>
  <system-out/>
  <testcase classname="testcases.FBSignupTC002" name="fbregister" time="12.036"/>
  <system-out/>
</testsuite> <!-- testcases.FBSignupTC002 -->
