<?xml version="1.0" encoding="UTF-8"?>
<!-- Generated by org.testng.reporters.JUnitReportReporter -->
<testsuite hostname="DESKTOP-EG9S55C" failures="0" tests="3" name="testcases.FbSigupTC001" time="36.139" errors="0" timestamp="2024-12-16T11:18:41 PST" skipped="0">
  <testcase classname="testcases.FbSigupTC001" name="fbRegistration" time="12.998"/>
  <system-out/>
  <testcase classname="testcases.FbSigupTC001" name="fbRegistration" time="11.706"/>
  <system-out/>
  <testcase classname="testcases.FbSigupTC001" name="fbRegistration" time="11.435"/>
  <system-out/>
</testsuite> <!-- testcases.FbSigupTC001 -->
